<?xml version="1.0" encoding="UTF-8"?>
<!-- Generated by org.testng.reporters.JUnitReportReporter -->
<testsuite hostname="LAPTOP-4CU33POQ" failures="0" tests="2" name="testNGAnnotations.BaseTest" time="0.006" errors="0" timestamp="2023-03-16T21:24:46 EDT" skipped="0">
  <testcase classname="testNGAnnotations.BaseTest" name="m3" time="0.001"/>
  <system-out/>
  <testcase classname="testNGAnnotations.BaseTest" name="m1" time="0.005"/>
  <system-out/>
</testsuite> <!-- testNGAnnotations.BaseTest -->
