<?xml version="1.0" encoding="UTF-8"?>
<!-- Generated by org.testng.reporters.JUnitReportReporter -->
<testsuite hostname="LAPTOP-4CU33POQ" failures="0" tests="2" name="testNGAnnotations.BaseTestWithBeforeTest" time="0.006" errors="0" timestamp="2023-03-16T20:32:27 EDT" skipped="0">
  <testcase classname="testNGAnnotations.BaseTestWithBeforeTest" name="m3" time="0.001"/>
  <system-out/>
  <testcase classname="testNGAnnotations.BaseTestWithBeforeTest" name="m1" time="0.005"/>
  <system-out/>
</testsuite> <!-- testNGAnnotations.BaseTestWithBeforeTest -->
