<?xml version="1.0" encoding="UTF-8"?>
<!-- Generated by org.testng.reporters.JUnitReportReporter -->
<testsuite hostname="LAPTOP-4CU33POQ" failures="0" tests="2" name="testNGAnnotations.LoginWithBeforeTest" time="0.008" errors="0" timestamp="2023-03-19T10:52:33 EDT" skipped="0">
  <testcase classname="testNGAnnotations.LoginWithBeforeTest" name="m3" time="0.001"/>
  <system-out/>
  <testcase classname="testNGAnnotations.LoginWithBeforeTest" name="m1" time="0.007"/>
  <system-out/>
</testsuite> <!-- testNGAnnotations.LoginWithBeforeTest -->
